
******************************************************************************
This program contains Ipopt, a library for large-scale nonlinear optimization.
 Ipopt is released as open source code under the Eclipse Public License (EPL).
         For more information visit http://projects.coin-or.org/Ipopt
******************************************************************************

This is Ipopt version 3.12.12, running with linear solver mumps.
NOTE: Other linear solvers might be more efficient (see Ipopt documentation).

Number of nonzeros in equality constraint Jacobian...:    11004
Number of nonzeros in inequality constraint Jacobian.:        0
Number of nonzeros in Lagrangian Hessian.............:      800

Total number of variables............................:     1403
                     variables with only lower bounds:        1
                variables with lower and upper bounds:      501
                     variables with only upper bounds:        0
Total number of equality constraints.................:     1004
Total number of inequality constraints...............:        0
        inequality constraints with only lower bounds:        0
   inequality constraints with lower and upper bounds:        0
        inequality constraints with only upper bounds:        0

iter    objective    inf_pr   inf_du lg(mu)  ||d||  lg(rg) alpha_du alpha_pr  ls
   0 1.0000000e-001 1.10e+000 0.00e+000   0.0 0.00e+000    -  0.00e+000 0.00e+000   0
   1 5.5502819e+000 3.12e+000 1.01e+003   1.0 1.63e+001    -  1.00e+000 5.00e-001f  2
   2 2.8580442e+000 1.25e+000 2.50e+002   0.9 5.71e+000    -  1.00e+000 1.00e+000h  1
   3 1.4837399e+000 1.17e+000 5.88e+001  -0.0 1.08e+001    -  9.91e-001 1.00e+000h  1
   4 9.2070248e-001 7.66e-001 2.89e+001  -0.7 1.80e+001    -  9.80e-001 5.00e-001h  2
   5 1.2605018e+000 1.61e-001 1.26e+002  -1.1 5.85e+000  -2.0 7.60e-001 1.00e+000h  1
   6 1.2029432e+000 2.68e-001 1.17e+002  -0.2 3.34e+002    -  1.00e+000 7.89e-002h  3
   7 1.1363336e+000 4.58e-002 9.08e+000  -1.7 8.53e+000    -  1.00e+000 1.00e+000h  1
   8 1.0935464e+000 6.78e-003 4.20e-001  -2.8 1.90e+000    -  9.94e-001 1.00e+000h  1
   9 3.5764794e-001 1.52e+000 5.91e-002  -3.5 2.47e+001    -  1.00e+000 1.00e+000h  1
iter    objective    inf_pr   inf_du lg(mu)  ||d||  lg(rg) alpha_du alpha_pr  ls
  10 4.1036127e-001 3.17e-001 8.23e-001  -9.5 1.15e+002    -  4.11e-001 8.42e-001h  1
  11 4.8145613e-001 1.59e-001 2.98e-001  -3.0 2.01e+002    -  1.00e+000 8.70e-001H  1
  12 3.7642607e-001 7.41e-001 2.48e-003  -3.3 9.32e+001    -  1.00e+000 1.00e+000h  1
  13 3.4569917e-001 1.46e-001 4.86e-002  -4.2 6.02e+001    -  9.39e-001 1.00e+000h  1
  14 3.1482465e-001 1.80e-001 1.41e-002  -4.5 7.13e+001    -  1.00e+000 1.00e+000h  1
  15 3.0828048e-001 4.20e-002 1.44e-003  -4.6 8.44e+001    -  1.00e+000 1.00e+000h  1
  16 3.0388276e-001 1.81e-002 4.16e-004  -5.0 6.56e+001    -  9.75e-001 1.00e+000h  1
  17 3.0161201e-001 8.52e-003 1.28e-004  -5.3 8.06e+001    -  1.00e+000 1.00e+000h  1
  18 3.0011777e-001 1.45e-003 4.65e-005  -6.1 3.78e+001    -  8.20e-001 1.00e+000h  1
  19 2.9982881e-001 1.95e-004 2.81e-006  -6.7 4.16e+001    -  1.00e+000 1.00e+000h  1
iter    objective    inf_pr   inf_du lg(mu)  ||d||  lg(rg) alpha_du alpha_pr  ls
  20 2.9974885e-001 2.02e-005 1.53e-007  -8.8 1.95e+001    -  9.58e-001 1.00e+000h  1
  21 2.9974815e-001 4.73e-009 2.73e-012 -10.2 4.28e-001    -  1.00e+000 1.00e+000h  1
  22 2.9974813e-001 5.40e-013 1.06e-014 -11.0 1.36e-003    -  1.00e+000 1.00e+000h  1

Number of Iterations....: 22

                                   (scaled)                 (unscaled)
Objective...............:  2.9974812829907244e-001   2.9974812829907244e-001
Dual infeasibility......:  1.0618471746651130e-014   1.0618471746651130e-014
Constraint violation....:  5.4001247917767614e-013   5.4001247917767614e-013
Complementarity.........:  1.0000372475938797e-011   1.0000372475938797e-011
Overall NLP error.......:  1.0000372475938797e-011   1.0000372475938797e-011


Number of objective function evaluations             = 34
Number of objective gradient evaluations             = 23
Number of equality constraint evaluations            = 34
Number of inequality constraint evaluations          = 0
Number of equality constraint Jacobian evaluations   = 23
Number of inequality constraint Jacobian evaluations = 0
Number of Lagrangian Hessian evaluations             = 22
Total CPU secs in IPOPT (w/o function evaluations)   =      0.224
Total CPU secs in NLP function evaluations           =      2.050

EXIT: Optimal Solution Found.
