
******************************************************************************
This program contains Ipopt, a library for large-scale nonlinear optimization.
 Ipopt is released as open source code under the Eclipse Public License (EPL).
         For more information visit http://projects.coin-or.org/Ipopt
******************************************************************************

This is Ipopt version 3.12.12, running with linear solver mumps.
NOTE: Other linear solvers might be more efficient (see Ipopt documentation).

Number of nonzeros in equality constraint Jacobian...:     1302
Number of nonzeros in inequality constraint Jacobian.:        0
Number of nonzeros in Lagrangian Hessian.............:      200

Total number of variables............................:      502
                     variables with only lower bounds:      202
                variables with lower and upper bounds:      100
                     variables with only upper bounds:        0
Total number of equality constraints.................:      402
Total number of inequality constraints...............:        0
        inequality constraints with only lower bounds:        0
   inequality constraints with lower and upper bounds:        0
        inequality constraints with only upper bounds:        0

iter    objective    inf_pr   inf_du lg(mu)  ||d||  lg(rg) alpha_du alpha_pr  ls
   0 -1.0000000e-001 9.00e-001 1.75e+000   0.0 0.00e+000    -  0.00e+000 0.00e+000   0
   1 -1.0674750e-001 8.85e-001 2.57e+000  -6.5 5.96e+000    -  4.38e-002 1.66e-002h  1
   2 -2.8217199e-001 8.56e-001 2.07e+000  -6.6 5.44e+000    -  1.91e-002 3.23e-002h  1
   3 -2.5672989e+000 8.26e-001 2.05e+001   1.4 6.36e+001    -  1.03e-002 3.59e-002f  1
   4 -2.8357568e+000 7.88e-001 2.74e+001   0.5 5.84e+000    -  5.25e-001 4.60e-002f  1
   5 -3.5697428e+000 6.51e-001 3.40e+001   0.4 4.23e+000    -  3.43e-001 1.73e-001h  1
   6 -5.1506144e+000 4.96e-001 2.57e+001   0.3 7.46e+000    -  3.43e-001 2.39e-001f  1
   7 -9.3736539e+000 3.04e-001 1.15e+001  -5.9 8.23e+000    -  2.86e-001 6.68e-001f  1
   8 -1.1770784e+001 4.78e-002 9.13e+000  -0.6 2.42e+000    -  9.94e-001 9.90e-001f  1
   9 -1.4904650e+001 1.15e+000 8.16e+000  -2.4 6.97e+000    -  4.49e-001 8.46e-001f  1
iter    objective    inf_pr   inf_du lg(mu)  ||d||  lg(rg) alpha_du alpha_pr  ls
  10 -1.7980487e+001 9.48e-001 6.70e+000  -7.0 1.83e+001    -  9.56e-002 1.78e-001f  1
  11 -2.0737761e+001 8.99e-001 6.03e+000  -7.1 2.75e+001    -  6.45e-002 1.00e-001f  1
  12 -2.3406209e+001 9.24e-001 5.71e+000  -7.1 5.15e+001    -  3.14e-002 5.19e-002f  1
  13 -2.6596574e+001 9.80e-001 5.53e+000  -7.1 9.79e+001    -  1.93e-002 3.26e-002f  1
  14 -3.0626906e+001 1.08e+000 5.46e+000  -7.1 3.52e+002    -  7.42e-003 1.14e-002f  1
  15 -3.5134987e+001 1.17e+000 5.46e+000  -7.1 5.06e+003  -4.0 7.09e-004 8.91e-004f  1
  16 -4.1986526e+001 1.39e+000 5.40e+000  -7.1 6.43e+002  -3.6 7.79e-003 1.07e-002f  1
  17 -5.7699258e+001 2.93e+000 1.07e+003  -0.3 2.09e+002  -3.1 1.12e-001 7.51e-002f  1
  18 -8.8541938e+001 9.65e+000 1.04e+003  -7.0 1.09e+003  -3.6 1.32e-002 2.83e-002f  1
  19 -1.7621296e+002 2.78e+001 3.18e+003  -1.0 1.08e+002  -3.2 2.81e-001 8.14e-001f  1
iter    objective    inf_pr   inf_du lg(mu)  ||d||  lg(rg) alpha_du alpha_pr  ls
  20 -1.7691574e+002 1.57e-001 2.14e+002  -1.0 7.08e-001  -1.0 1.00e+000 9.93e-001h  1
  21 -3.3992726e+002 3.74e+001 7.80e+003  -0.3 7.68e+003    -  2.07e-002 2.12e-002f  1
  22 -5.0226657e+002 5.29e+001 3.83e+005   0.9 2.38e+005    -  2.07e-003 6.83e-004f  1
  23 -9.6218184e+002 5.32e+001 3.82e+005  -7.0 4.68e+005    -  9.83e-004 9.82e-004f  1
  24 -9.6468375e+002 2.82e-001 4.12e-001  -0.5 5.92e+000  -1.4 1.00e+000 1.00e+000f  1
  25 -9.6984056e+002 3.81e-003 1.59e+005  -1.3 5.16e+000  -1.9 9.76e-001 1.00e+000f  1
  26 -2.1371347e+003 6.97e+001 3.16e+005   0.7 2.63e+005    -  4.79e-003 4.44e-003f  1
  27 -2.1528034e+003 2.97e-001 6.26e-002  -1.0 1.57e+001  -2.4 1.00e+000 1.00e+000h  1
  28 -3.6138722e+003 1.37e+002 6.48e+003  -7.1 7.45e+005    -  2.68e-003 1.96e-003f  1
  29 -5.0409488e+003 1.23e+002 3.17e+007   0.8 5.29e+005    -  5.24e-002 2.70e-003f  1
iter    objective    inf_pr   inf_du lg(mu)  ||d||  lg(rg) alpha_du alpha_pr  ls
  30 -3.1918597e+003 9.80e+002 5.03e+007   1.6 1.01e+005    -  1.19e-002 3.45e-002f  1
  31 -3.7209036e+003 9.56e+002 4.92e+007  -0.1 2.45e+004    -  3.67e-002 2.16e-002f  1
  32 -3.9560891e+003 9.50e+002 4.89e+007  -0.1 2.05e+005    -  3.89e-003 5.82e-003f  1
  33 -4.3299273e+003 9.35e+002 4.81e+007  -0.1 8.79e+004    -  1.31e-002 1.65e-002f  1
  34 -5.3310022e+003 8.76e+002 4.51e+007  -0.1 1.70e+004    -  3.87e-002 6.43e-002f  1
  35 -5.0068680e+003 8.49e+002 2.46e+008   1.5 8.36e+004    -  1.23e-001 2.06e-002f  1
  36 -5.1879696e+003 8.27e+002 2.30e+008   0.5 3.54e+004    -  8.69e-002 2.76e-002f  1
  37 -5.1866398e+003 7.77e+002 3.45e+008   1.1 2.53e+004    -  1.99e-001 6.38e-002f  1
  38 -4.1356104e+003 5.67e+002 1.17e+009   1.4 8.81e+003    -  1.00e+000 4.31e-001f  1
  39 -4.9191463e+003 1.93e+002 1.66e+001   1.3 1.66e+003    -  1.00e+000 1.00e+000f  1
iter    objective    inf_pr   inf_du lg(mu)  ||d||  lg(rg) alpha_du alpha_pr  ls
  40 -5.0642530e+003 1.54e+001 1.45e-001   1.3 3.32e+002    -  1.00e+000 1.00e+000h  1
  41 -6.8542500e+003 3.26e+002 1.27e+008   0.8 2.14e+003    -  8.92e-001 9.97e-001f  1
  42 -7.5688494e+003 2.95e+002 5.48e-001   0.5 2.67e+003    -  1.00e+000 1.00e+000f  1
  43 -8.0373345e+003 5.77e+001 3.61e+004  -0.2 1.53e+003    -  1.00e+000 1.00e+000f  1
  44 -8.1600936e+003 2.64e+000 2.52e-002  -1.7 3.22e+002    -  1.00e+000 1.00e+000f  1
  45 -8.1640869e+003 5.72e-003 1.25e+002  -3.3 1.75e+001    -  1.00e+000 1.00e+000f  1
  46 -8.1641759e+003 5.90e-005 4.76e+002  -5.2 2.27e-001    -  1.00e+000 9.90e-001h  1
  47 -8.1641772e+003 9.46e-006 1.38e+002  -5.6 4.12e-003    -  1.00e+000 8.40e-001h  1
  48 -8.1641776e+003 3.18e-006 2.50e+002  -7.4 1.64e-003    -  1.00e+000 6.64e-001h  1
  49 -8.1641776e+003 1.13e-006 9.58e+001  -7.1 4.25e-004    -  1.00e+000 6.45e-001h  1
iter    objective    inf_pr   inf_du lg(mu)  ||d||  lg(rg) alpha_du alpha_pr  ls
  50 -8.1641776e+003 1.99e-007 2.31e+001  -7.1 1.46e-004    -  1.00e+000 8.24e-001h  1
  51 -8.1641776e+003 9.09e-013 4.89e-008  -7.2 2.07e-005    -  1.00e+000 1.00e+000h  1
  52 -8.1641776e+003 9.09e-013 6.09e+000  -9.1 1.78e-005    -  1.00e+000 8.21e-001h  1
  53 -8.1641776e+003 9.09e-013 5.83e+001  -8.6 2.30e-006    -  7.94e-001 1.00e+000f  1
  54 -8.1641776e+003 9.09e-013 3.12e-010  -8.6 1.53e-008    -  1.00e+000 1.00e+000h  1
  55 -8.1641776e+003 9.09e-013 2.35e-001 -11.0 8.22e-007    -  9.69e-001 9.57e-001h  1
  56 -8.1641776e+003 9.09e-013 8.99e-013 -10.1 1.35e-008    -  1.00e+000 1.00e+000f  1

Number of Iterations....: 56

                                   (scaled)                 (unscaled)
Objective...............: -8.1641776353548084e+003  -8.1641776353548084e+003
Dual infeasibility......:  8.9886442515095178e-013   8.9886442515095178e-013
Constraint violation....:  9.0949470177292824e-013   9.0949470177292824e-013
Complementarity.........:  8.3443229044976053e-011   8.3443229044976053e-011
Overall NLP error.......:  8.3443229044976053e-011   8.3443229044976053e-011


Number of objective function evaluations             = 57
Number of objective gradient evaluations             = 57
Number of equality constraint evaluations            = 57
Number of inequality constraint evaluations          = 0
Number of equality constraint Jacobian evaluations   = 57
Number of inequality constraint Jacobian evaluations = 0
Number of Lagrangian Hessian evaluations             = 56
Total CPU secs in IPOPT (w/o function evaluations)   =      0.415
Total CPU secs in NLP function evaluations           =      0.044

EXIT: Optimal Solution Found.
